('Processing Alg', 'brkga-tsp-1')
('Finished ', 'kz9976.tsp')
('Finished ', 'gr9882.tsp')
('Finished ', 'ar9152.tsp')
('Finished ', 'ca4663.tsp')
('Finished ', 'ei8246.tsp')
('Finished ', 'mo14185.tsp')
('Finished ', 'it16862.tsp')
('Finished ', 'kz9976.tsp')
('Finished ', 'gr9882.tsp')
('Finished ', 'ar9152.tsp')
('Finished ', 'ca4663.tsp')
('Finished ', 'ei8246.tsp')
('Finished ', 'mo14185.tsp')
('Finished ', 'it16862.tsp')
('Finished ', 'kz9976.tsp')
('Finished ', 'gr9882.tsp')
('Finished ', 'ar9152.tsp')
('Finished ', 'ca4663.tsp')
('Finished ', 'ei8246.tsp')
('Finished ', 'mo14185.tsp')
('Finished ', 'it16862.tsp')
('Finished ', 'kz9976.tsp')
('Finished ', 'gr9882.tsp')
('Finished ', 'ar9152.tsp')
('Finished ', 'ca4663.tsp')
('Finished ', 'ei8246.tsp')
('Finished ', 'mo14185.tsp')
('Finished ', 'it16862.tsp')
('Finished ', 'kz9976.tsp')
('Finished ', 'gr9882.tsp')
('Finished ', 'ar9152.tsp')
('Finished ', 'ca4663.tsp')
('Finished ', 'ei8246.tsp')
('Finished ', 'mo14185.tsp')
('Finished ', 'it16862.tsp')
('Processing Alg', 'brkga-tsp-4')
('Finished ', 'kz9976.tsp')
('Finished ', 'gr9882.tsp')
('Finished ', 'ar9152.tsp')
('Finished ', 'ca4663.tsp')
('Finished ', 'ei8246.tsp')
('Finished ', 'mo14185.tsp')
('Finished ', 'it16862.tsp')
('Finished ', 'kz9976.tsp')
('Finished ', 'gr9882.tsp')
('Finished ', 'ar9152.tsp')
('Finished ', 'ca4663.tsp')
('Finished ', 'ei8246.tsp')
('Finished ', 'mo14185.tsp')
('Finished ', 'it16862.tsp')
('Finished ', 'kz9976.tsp')
('Finished ', 'gr9882.tsp')
('Finished ', 'ar9152.tsp')
('Finished ', 'ca4663.tsp')
('Finished ', 'ei8246.tsp')
('Finished ', 'mo14185.tsp')
('Finished ', 'it16862.tsp')
('Finished ', 'kz9976.tsp')
('Finished ', 'gr9882.tsp')
('Finished ', 'ar9152.tsp')
('Finished ', 'ca4663.tsp')
('Finished ', 'ei8246.tsp')
('Finished ', 'mo14185.tsp')
('Finished ', 'it16862.tsp')
('Finished ', 'kz9976.tsp')
('Finished ', 'gr9882.tsp')
('Finished ', 'ar9152.tsp')
('Finished ', 'ca4663.tsp')
('Finished ', 'ei8246.tsp')
('Finished ', 'mo14185.tsp')
('Finished ', 'it16862.tsp')
('Processing Alg', 'brkga-tsp-8')
('Finished ', 'kz9976.tsp')
('Finished ', 'gr9882.tsp')
('Finished ', 'ar9152.tsp')
('Finished ', 'ca4663.tsp')
('Finished ', 'ei8246.tsp')
('Finished ', 'mo14185.tsp')
('Finished ', 'it16862.tsp')
('Finished ', 'kz9976.tsp')
('Finished ', 'gr9882.tsp')
('Finished ', 'ar9152.tsp')
('Finished ', 'ca4663.tsp')
('Finished ', 'ei8246.tsp')
('Finished ', 'mo14185.tsp')
('Finished ', 'it16862.tsp')
('Finished ', 'kz9976.tsp')
('Finished ', 'gr9882.tsp')
('Finished ', 'ar9152.tsp')
('Finished ', 'ca4663.tsp')
('Finished ', 'ei8246.tsp')
('Finished ', 'mo14185.tsp')
('Finished ', 'it16862.tsp')
('Finished ', 'kz9976.tsp')
('Finished ', 'gr9882.tsp')
('Finished ', 'ar9152.tsp')
('Finished ', 'ca4663.tsp')
('Finished ', 'ei8246.tsp')
('Finished ', 'mo14185.tsp')
('Finished ', 'it16862.tsp')
('Finished ', 'kz9976.tsp')
('Finished ', 'gr9882.tsp')
('Finished ', 'ar9152.tsp')
('Finished ', 'ca4663.tsp')
('Finished ', 'ei8246.tsp')
('Finished ', 'mo14185.tsp')
('Finished ', 'it16862.tsp')
('Processing Alg', 'cuda-device')
('Finished ', 'kz9976.tsp')
('Finished ', 'gr9882.tsp')
('Finished ', 'ar9152.tsp')
('Finished ', 'ca4663.tsp')
('Finished ', 'ei8246.tsp')
('Finished ', 'mo14185.tsp')
('Finished ', 'it16862.tsp')
('Finished ', 'kz9976.tsp')
('Finished ', 'gr9882.tsp')
('Finished ', 'ar9152.tsp')
('Finished ', 'ca4663.tsp')
('Finished ', 'ei8246.tsp')
('Finished ', 'mo14185.tsp')
('Finished ', 'it16862.tsp')
('Finished ', 'kz9976.tsp')
('Finished ', 'gr9882.tsp')
('Finished ', 'ar9152.tsp')
('Finished ', 'ca4663.tsp')
('Finished ', 'ei8246.tsp')
('Finished ', 'mo14185.tsp')
('Finished ', 'it16862.tsp')
('Finished ', 'kz9976.tsp')
('Finished ', 'gr9882.tsp')
('Finished ', 'ar9152.tsp')
('Finished ', 'ca4663.tsp')
('Finished ', 'ei8246.tsp')
('Finished ', 'mo14185.tsp')
('Finished ', 'it16862.tsp')
('Finished ', 'kz9976.tsp')
('Finished ', 'gr9882.tsp')
('Finished ', 'ar9152.tsp')
('Finished ', 'ca4663.tsp')
('Finished ', 'ei8246.tsp')
('Finished ', 'mo14185.tsp')
('Finished ', 'it16862.tsp')
('Processing Alg', 'cuda-host1')
('Finished ', 'kz9976.tsp')
('Finished ', 'gr9882.tsp')
('Finished ', 'ar9152.tsp')
('Finished ', 'ca4663.tsp')
('Finished ', 'ei8246.tsp')
('Finished ', 'mo14185.tsp')
('Finished ', 'it16862.tsp')
('Finished ', 'kz9976.tsp')
('Finished ', 'gr9882.tsp')
('Finished ', 'ar9152.tsp')
('Finished ', 'ca4663.tsp')
('Finished ', 'ei8246.tsp')
('Finished ', 'mo14185.tsp')
('Finished ', 'it16862.tsp')
('Finished ', 'kz9976.tsp')
('Finished ', 'gr9882.tsp')
('Finished ', 'ar9152.tsp')
('Finished ', 'ca4663.tsp')
('Finished ', 'ei8246.tsp')
('Finished ', 'mo14185.tsp')
('Finished ', 'it16862.tsp')
('Finished ', 'kz9976.tsp')
('Finished ', 'gr9882.tsp')
('Finished ', 'ar9152.tsp')
('Finished ', 'ca4663.tsp')
('Finished ', 'ei8246.tsp')
('Finished ', 'mo14185.tsp')
('Finished ', 'it16862.tsp')
('Finished ', 'kz9976.tsp')
('Finished ', 'gr9882.tsp')
('Finished ', 'ar9152.tsp')
('Finished ', 'ca4663.tsp')
('Finished ', 'ei8246.tsp')
('Finished ', 'mo14185.tsp')
('Finished ', 'it16862.tsp')
('Processing Alg', 'cuda-host4')
('Finished ', 'kz9976.tsp')
('Finished ', 'gr9882.tsp')
('Finished ', 'ar9152.tsp')
('Finished ', 'ca4663.tsp')
('Finished ', 'ei8246.tsp')
('Finished ', 'mo14185.tsp')
('Finished ', 'it16862.tsp')
('Finished ', 'kz9976.tsp')
('Finished ', 'gr9882.tsp')
('Finished ', 'ar9152.tsp')
('Finished ', 'ca4663.tsp')
('Finished ', 'ei8246.tsp')
('Finished ', 'mo14185.tsp')
('Finished ', 'it16862.tsp')
('Finished ', 'kz9976.tsp')
('Finished ', 'gr9882.tsp')
('Finished ', 'ar9152.tsp')
('Finished ', 'ca4663.tsp')
('Finished ', 'ei8246.tsp')
('Finished ', 'mo14185.tsp')
('Finished ', 'it16862.tsp')
('Finished ', 'kz9976.tsp')
('Finished ', 'gr9882.tsp')
('Finished ', 'ar9152.tsp')
('Finished ', 'ca4663.tsp')
('Finished ', 'ei8246.tsp')
('Finished ', 'mo14185.tsp')
('Finished ', 'it16862.tsp')
('Finished ', 'kz9976.tsp')
('Finished ', 'gr9882.tsp')
('Finished ', 'ar9152.tsp')
('Finished ', 'ca4663.tsp')
('Finished ', 'ei8246.tsp')
('Finished ', 'mo14185.tsp')
('Finished ', 'it16862.tsp')
('Processing Alg', 'cuda-host8')
('Finished ', 'kz9976.tsp')
('Finished ', 'gr9882.tsp')
('Finished ', 'ar9152.tsp')
('Finished ', 'ca4663.tsp')
('Finished ', 'ei8246.tsp')
('Finished ', 'mo14185.tsp')
('Finished ', 'it16862.tsp')
('Finished ', 'kz9976.tsp')
('Finished ', 'gr9882.tsp')
('Finished ', 'ar9152.tsp')
('Finished ', 'ca4663.tsp')
('Finished ', 'ei8246.tsp')
('Finished ', 'mo14185.tsp')
('Finished ', 'it16862.tsp')
('Finished ', 'kz9976.tsp')
('Finished ', 'gr9882.tsp')
('Finished ', 'ar9152.tsp')
('Finished ', 'ca4663.tsp')
('Finished ', 'ei8246.tsp')
('Finished ', 'mo14185.tsp')
('Finished ', 'it16862.tsp')
('Finished ', 'kz9976.tsp')
('Finished ', 'gr9882.tsp')
('Finished ', 'ar9152.tsp')
('Finished ', 'ca4663.tsp')
('Finished ', 'ei8246.tsp')
('Finished ', 'mo14185.tsp')
('Finished ', 'it16862.tsp')
('Finished ', 'kz9976.tsp')
('Finished ', 'gr9882.tsp')
('Finished ', 'ar9152.tsp')
('Finished ', 'ca4663.tsp')
('Finished ', 'ei8246.tsp')
('Finished ', 'mo14185.tsp')
('Finished ', 'it16862.tsp')
Killed
Killed
Killed
Killed
Processing Alg brkga-tsp-1
Finished  rw1621.tsp
Finished  nu3496.tsp
Finished  ym7663.tsp
Finished  eg7146.tsp
Finished  fi10639.tsp
Finished  bm33708.tsp
Finished  tz6117.tsp
Finished  rw1621.tsp
Finished  nu3496.tsp
Finished  ym7663.tsp
Finished  eg7146.tsp
Finished  fi10639.tsp
Finished  bm33708.tsp
Finished  tz6117.tsp
Finished  rw1621.tsp
Finished  nu3496.tsp
Finished  ym7663.tsp
Finished  eg7146.tsp
Finished  fi10639.tsp
Finished  bm33708.tsp
Finished  tz6117.tsp
Processing Alg brkga-tsp-4
Finished  rw1621.tsp
Finished  nu3496.tsp
Finished  ym7663.tsp
Finished  eg7146.tsp
Finished  fi10639.tsp
Finished  bm33708.tsp
Finished  tz6117.tsp
Finished  rw1621.tsp
Finished  nu3496.tsp
Finished  ym7663.tsp
Finished  eg7146.tsp
Finished  fi10639.tsp
Finished  bm33708.tsp
Finished  tz6117.tsp
Finished  rw1621.tsp
Finished  nu3496.tsp
Finished  ym7663.tsp
Finished  eg7146.tsp
Finished  fi10639.tsp
Finished  bm33708.tsp
Finished  tz6117.tsp
Processing Alg brkga-tsp-8
Finished  rw1621.tsp
Finished  nu3496.tsp
Finished  ym7663.tsp
Finished  eg7146.tsp
Finished  fi10639.tsp
Finished  bm33708.tsp
Finished  tz6117.tsp
Finished  rw1621.tsp
Finished  nu3496.tsp
Finished  ym7663.tsp
Finished  eg7146.tsp
Finished  fi10639.tsp
Finished  bm33708.tsp
Finished  tz6117.tsp
Finished  rw1621.tsp
Finished  nu3496.tsp
Finished  ym7663.tsp
Finished  eg7146.tsp
Finished  fi10639.tsp
Finished  bm33708.tsp
Finished  tz6117.tsp
Processing Alg cuda-device
Finished  rw1621.tsp
Finished  nu3496.tsp
Finished  ym7663.tsp
Finished  eg7146.tsp
Finished  fi10639.tsp
Finished  bm33708.tsp
Finished  tz6117.tsp
Finished  rw1621.tsp
Finished  nu3496.tsp
Finished  ym7663.tsp
Finished  eg7146.tsp
Finished  fi10639.tsp
Finished  bm33708.tsp
Finished  tz6117.tsp
Finished  rw1621.tsp
Finished  nu3496.tsp
Finished  ym7663.tsp
Finished  eg7146.tsp
Finished  fi10639.tsp
Finished  bm33708.tsp
Finished  tz6117.tsp
Processing Alg cuda-host1
Finished  rw1621.tsp
Finished  nu3496.tsp
Finished  ym7663.tsp
Finished  eg7146.tsp
Finished  fi10639.tsp
Finished  bm33708.tsp
Finished  tz6117.tsp
Finished  rw1621.tsp
Finished  nu3496.tsp
Finished  ym7663.tsp
Finished  eg7146.tsp
Finished  fi10639.tsp
Finished  bm33708.tsp
Finished  tz6117.tsp
Finished  rw1621.tsp
Finished  nu3496.tsp
Finished  ym7663.tsp
Finished  eg7146.tsp
Finished  fi10639.tsp
Finished  bm33708.tsp
Finished  tz6117.tsp
Processing Alg cuda-host4
Finished  rw1621.tsp
Finished  nu3496.tsp
Finished  ym7663.tsp
Finished  eg7146.tsp
Finished  fi10639.tsp
Finished  bm33708.tsp
Finished  tz6117.tsp
Finished  rw1621.tsp
Finished  nu3496.tsp
Finished  ym7663.tsp
Finished  eg7146.tsp
Finished  fi10639.tsp
Finished  bm33708.tsp
Finished  tz6117.tsp
Finished  rw1621.tsp
Finished  nu3496.tsp
Finished  ym7663.tsp
Finished  eg7146.tsp
Finished  fi10639.tsp
Finished  bm33708.tsp
Finished  tz6117.tsp
Processing Alg cuda-host8
Finished  rw1621.tsp
Finished  nu3496.tsp
Finished  ym7663.tsp
Finished  eg7146.tsp
Finished  fi10639.tsp
Finished  bm33708.tsp
Finished  tz6117.tsp
Finished  rw1621.tsp
Finished  nu3496.tsp
Finished  ym7663.tsp
Finished  eg7146.tsp
Finished  fi10639.tsp
Finished  bm33708.tsp
Finished  tz6117.tsp
Finished  rw1621.tsp
Finished  nu3496.tsp
Finished  ym7663.tsp
Finished  eg7146.tsp
Finished  fi10639.tsp
Finished  bm33708.tsp
Finished  tz6117.tsp
Processing Alg brkga-tsp-1
Finished  lu980.tsp
Finished  mu1979.tsp
Finished  vm22775.tsp
Finished  ho14473.tsp
Finished  sw24978.tsp
Finished  zi929.tsp
Finished  pm8079.tsp
Finished  ja9847.tsp
Finished  lu980.tsp
Finished  mu1979.tsp
Finished  vm22775.tsp
Finished  ho14473.tsp
Finished  sw24978.tsp
Finished  zi929.tsp
Finished  pm8079.tsp
Finished  ja9847.tsp
Finished  lu980.tsp
Finished  mu1979.tsp
Finished  vm22775.tsp
Finished  ho14473.tsp
Finished  sw24978.tsp
Finished  zi929.tsp
Finished  pm8079.tsp
Finished  ja9847.tsp
Processing Alg brkga-tsp-4
Finished  lu980.tsp
Finished  mu1979.tsp
Finished  vm22775.tsp
Finished  ho14473.tsp
Finished  sw24978.tsp
Finished  zi929.tsp
Finished  pm8079.tsp
Finished  ja9847.tsp
Finished  lu980.tsp
Finished  mu1979.tsp
Finished  vm22775.tsp
Finished  ho14473.tsp
Finished  sw24978.tsp
Finished  zi929.tsp
Finished  pm8079.tsp
Finished  ja9847.tsp
Finished  lu980.tsp
Finished  mu1979.tsp
Finished  vm22775.tsp
Finished  ho14473.tsp
Finished  sw24978.tsp
Finished  zi929.tsp
Finished  pm8079.tsp
Finished  ja9847.tsp
Processing Alg brkga-tsp-8
Finished  lu980.tsp
Finished  mu1979.tsp
Finished  vm22775.tsp
Finished  ho14473.tsp
Finished  sw24978.tsp
Finished  zi929.tsp
Finished  pm8079.tsp
Finished  ja9847.tsp
Finished  lu980.tsp
Finished  mu1979.tsp
Finished  vm22775.tsp
Finished  ho14473.tsp
Finished  sw24978.tsp
Finished  zi929.tsp
Finished  pm8079.tsp
Finished  ja9847.tsp
Finished  lu980.tsp
Finished  mu1979.tsp
Finished  vm22775.tsp
Finished  ho14473.tsp
Finished  sw24978.tsp
Finished  zi929.tsp
Finished  pm8079.tsp
Finished  ja9847.tsp
Processing Alg cuda-device
Finished  lu980.tsp
Finished  mu1979.tsp
Finished  vm22775.tsp
Finished  ho14473.tsp
Finished  sw24978.tsp
Finished  zi929.tsp
Finished  pm8079.tsp
Finished  ja9847.tsp
Finished  lu980.tsp
Finished  mu1979.tsp
Finished  vm22775.tsp
Finished  ho14473.tsp
Finished  sw24978.tsp
Finished  zi929.tsp
Finished  pm8079.tsp
Finished  ja9847.tsp
Finished  lu980.tsp
Finished  mu1979.tsp
Finished  vm22775.tsp
Finished  ho14473.tsp
Finished  sw24978.tsp
Finished  zi929.tsp
Finished  pm8079.tsp
Finished  ja9847.tsp
Processing Alg cuda-host1
Finished  lu980.tsp
Finished  mu1979.tsp
Finished  vm22775.tsp
Finished  ho14473.tsp
Finished  sw24978.tsp
Finished  zi929.tsp
Finished  pm8079.tsp
Finished  ja9847.tsp
Finished  lu980.tsp
Finished  mu1979.tsp
Finished  vm22775.tsp
Finished  ho14473.tsp
Finished  sw24978.tsp
Finished  zi929.tsp
Finished  pm8079.tsp
Finished  ja9847.tsp
Finished  lu980.tsp
Finished  mu1979.tsp
Finished  vm22775.tsp
Finished  ho14473.tsp
Finished  sw24978.tsp
Finished  zi929.tsp
Finished  pm8079.tsp
Finished  ja9847.tsp
Processing Alg cuda-host4
Finished  lu980.tsp
Finished  mu1979.tsp
Finished  vm22775.tsp
Finished  ho14473.tsp
Finished  sw24978.tsp
Finished  zi929.tsp
Finished  pm8079.tsp
Finished  ja9847.tsp
Finished  lu980.tsp
Finished  mu1979.tsp
Finished  vm22775.tsp
Finished  ho14473.tsp
Finished  sw24978.tsp
Finished  zi929.tsp
Finished  pm8079.tsp
Finished  ja9847.tsp
Finished  lu980.tsp
Finished  mu1979.tsp
Finished  vm22775.tsp
Finished  ho14473.tsp
Finished  sw24978.tsp
Finished  zi929.tsp
Finished  pm8079.tsp
Finished  ja9847.tsp
Processing Alg cuda-host8
Finished  lu980.tsp
Finished  mu1979.tsp
Finished  vm22775.tsp
Finished  ho14473.tsp
Finished  sw24978.tsp
Finished  zi929.tsp
Finished  pm8079.tsp
Finished  ja9847.tsp
Finished  lu980.tsp
Finished  mu1979.tsp
Finished  vm22775.tsp
Finished  ho14473.tsp
Finished  sw24978.tsp
Finished  zi929.tsp
Finished  pm8079.tsp
Finished  ja9847.tsp
Finished  lu980.tsp
Finished  mu1979.tsp
Finished  vm22775.tsp
Finished  ho14473.tsp
Finished  sw24978.tsp
Finished  zi929.tsp
Finished  pm8079.tsp
Finished  ja9847.tsp
